Build started 12/11/2015 9:40:47 SA.
     1>Project "D:\AssignmentKTLT\AssignmentKTLT\AssignmentKTLT.vcxproj" on node 2 (build target(s)).
     1>InitializeBuildStatus:
         Creating "Release\AssignmentKTLT.unsuccessfulbuild" because "AlwaysCreate" was specified.
       ClCompile:
         C:\Program Files (x86)\Microsoft Visual Studio 10.0\VC\bin\CL.exe /c /Zi /nologo /W3 /WX- /O2 /Oi /Oy- /GL /D _MBCS /Gm- /EHsc /MD /GS /Gy /fp:precise /Zc:wchar_t /Zc:forScope /Fo"Release\\" /Fd"Release\vc100.pdb" /Gd /TP /analyze- /errorReport:prompt Assignment.cpp console.cpp main.cpp
         Assignment.cpp
         console.cpp
         main.cpp
     1>main.cpp(15): warning C4091: 'extern ' : ignored on left of 'position' when no variable is declared
       Link:
         C:\Program Files (x86)\Microsoft Visual Studio 10.0\VC\bin\link.exe /ERRORREPORT:PROMPT /OUT:"D:\AssignmentKTLT\Release\AssignmentKTLT.exe" /NOLOGO kernel32.lib user32.lib gdi32.lib winspool.lib comdlg32.lib advapi32.lib shell32.lib ole32.lib oleaut32.lib uuid.lib odbc32.lib odbccp32.lib /MANIFEST /ManifestFile:"Release\AssignmentKTLT.exe.intermediate.manifest" /MANIFESTUAC:"level='asInvoker' uiAccess='false'" /DEBUG /PDB:"D:\AssignmentKTLT\Release\AssignmentKTLT.pdb" /OPT:REF /OPT:ICF /LTCG /TLBID:1 /DYNAMICBASE /NXCOMPAT /IMPLIB:"D:\AssignmentKTLT\Release\AssignmentKTLT.lib" /MACHINE:X86 Release\Assignment.obj
         Release\console.obj
         Release\main.obj
         Generating code
         Finished generating code
         AssignmentKTLT.vcxproj -> D:\AssignmentKTLT\Release\AssignmentKTLT.exe
       Manifest:
         C:\Program Files (x86)\Microsoft SDKs\Windows\v7.0A\bin\mt.exe /nologo /verbose /outputresource:"D:\AssignmentKTLT\Release\AssignmentKTLT.exe;#1" /manifest Release\AssignmentKTLT.exe.intermediate.manifest
       FinalizeBuildStatus:
         Deleting file "Release\AssignmentKTLT.unsuccessfulbuild".
         Touching "Release\AssignmentKTLT.lastbuildstate".
     1>Done Building Project "D:\AssignmentKTLT\AssignmentKTLT\AssignmentKTLT.vcxproj" (build target(s)).

Build succeeded.

Time Elapsed 00:00:06.88
